TN:
SF:src\arrayUtils.js
FN:1,findMax
FN:8,findMin
FN:15,removeDuplicates
FNF:3
FNH:3
FNDA:3,findMax
FNDA:3,findMin
FNDA:3,removeDuplicates
DA:1,1
DA:2,3
DA:3,1
DA:4,1
DA:5,2
DA:6,3
DA:7,1
DA:8,1
DA:9,3
DA:10,1
DA:11,1
DA:12,2
DA:13,3
DA:14,1
DA:15,1
DA:16,3
DA:17,1
DA:18,1
DA:19,2
DA:20,3
LF:20
LH:20
BRDA:1,0,0,1
BRDA:1,1,0,3
BRDA:2,2,0,1
BRDA:5,3,0,2
BRDA:8,4,0,3
BRDA:9,5,0,1
BRDA:12,6,0,2
BRDA:15,7,0,3
BRDA:16,8,0,1
BRDA:19,9,0,2
BRF:10
BRH:10
end_of_record
TN:
SF:src\mathUtils.js
FN:1,add
FN:5,subtract
FN:9,multiply
FN:13,divide
FNF:4
FNH:4
FNDA:2,add
FNDA:2,subtract
FNDA:2,multiply
FNDA:3,divide
DA:1,1
DA:2,2
DA:3,2
DA:4,1
DA:5,1
DA:6,2
DA:7,2
DA:8,1
DA:9,1
DA:10,2
DA:11,2
DA:12,1
DA:13,1
DA:14,3
DA:15,1
DA:16,1
DA:17,2
DA:18,3
LF:18
LH:18
BRDA:1,0,0,1
BRDA:1,1,0,2
BRDA:5,2,0,2
BRDA:9,3,0,2
BRDA:13,4,0,3
BRDA:14,5,0,1
BRDA:17,6,0,2
BRF:7
BRH:7
end_of_record
TN:
SF:src\stringUtils.js
FN:1,capitalize
FN:8,reverseString
FN:15,isPalindrome
FNF:3
FNH:3
FNDA:3,capitalize
FNDA:3,reverseString
FNDA:4,isPalindrome
DA:1,1
DA:2,3
DA:3,1
DA:4,1
DA:5,2
DA:6,3
DA:7,1
DA:8,1
DA:9,3
DA:10,1
DA:11,1
DA:12,2
DA:13,3
DA:14,1
DA:15,1
DA:16,4
DA:17,1
DA:18,1
DA:19,3
DA:20,3
DA:21,4
LF:21
LH:21
BRDA:1,0,0,1
BRDA:1,1,0,3
BRDA:2,2,0,1
BRDA:5,3,0,2
BRDA:8,4,0,3
BRDA:9,5,0,1
BRDA:12,6,0,2
BRDA:15,7,0,4
BRDA:16,8,0,1
BRDA:19,9,0,3
BRF:10
BRH:10
end_of_record
TN:
SF:src\studentKnowlegeCheckerUtils.js
FN:7,checkStudentKnowledge
FNF:1
FNH:1
FNDA:6,checkStudentKnowledge
DA:1,1
DA:2,1
DA:3,1
DA:4,1
DA:5,1
DA:6,1
DA:7,1
DA:8,6
DA:9,6
DA:10,6
DA:11,6
DA:12,2
DA:13,2
DA:14,4
DA:15,6
DA:16,7
DA:17,1
DA:18,1
DA:19,7
DA:20,3
DA:21,6
DA:22,6
DA:23,1
DA:24,1
DA:25,6
DA:26,2
DA:27,2
DA:28,6
LF:28
LH:28
BRDA:1,0,0,1
BRDA:7,1,0,6
BRDA:11,2,0,2
BRDA:14,3,0,4
BRDA:15,4,0,7
BRDA:16,5,0,1
BRDA:20,6,0,3
BRDA:22,7,0,1
BRDA:26,8,0,2
BRF:9
BRH:9
end_of_record
TN:
SF:src\uesrsListUtils.js
FN:8,filterUsersByAge
FN:20,sortUsersByName
FN:33,findUserById
FN:46,isEmailTaken
FNF:4
FNH:4
FNDA:3,filterUsersByAge
FNDA:2,sortUsersByName
FNDA:3,findUserById
FNDA:3,isEmailTaken
DA:1,1
DA:2,1
DA:3,1
DA:4,1
DA:5,1
DA:6,1
DA:7,1
DA:8,1
DA:9,3
DA:10,1
DA:11,1
DA:12,2
DA:13,3
DA:14,1
DA:15,1
DA:16,1
DA:17,1
DA:18,1
DA:19,1
DA:20,1
DA:21,2
DA:22,1
DA:23,1
DA:24,1
DA:25,2
DA:26,1
DA:27,1
DA:28,1
DA:29,1
DA:30,1
DA:31,1
DA:32,1
DA:33,1
DA:34,3
DA:35,1
DA:36,1
DA:37,3
DA:38,3
DA:39,1
DA:40,1
DA:41,1
DA:42,1
DA:43,1
DA:44,1
DA:45,1
DA:46,1
DA:47,3
DA:48,1
DA:49,1
DA:50,2
DA:51,3
LF:51
LH:51
BRDA:1,0,0,1
BRDA:8,1,0,3
BRDA:9,2,0,1
BRDA:12,3,0,2
BRDA:12,4,0,8
BRDA:12,5,0,4
BRDA:20,6,0,2
BRDA:21,7,0,1
BRDA:24,8,0,3
BRDA:33,9,0,3
BRDA:34,10,0,1
BRDA:37,11,0,2
BRDA:37,12,0,1
BRDA:37,13,0,6
BRDA:46,14,0,3
BRDA:47,15,0,1
BRDA:50,16,0,2
BRDA:50,17,0,5
BRF:18
BRH:18
end_of_record
